# JRE version: Java(TM) SE Runtime Environment (8.0_191-b12) (build 1.8.0_191-b12)
# Java VM: Java HotSpot(TM) 64-Bit Server VM (25.191-b12 mixed mode windows-amd64 compressed oops)
Heap:
 PSYoungGen      total 71680K, used 2725K [0x00000000d5900000, 0x00000000ddf00000, 0x0000000100000000)
  eden space 66560K, 2% used [0x00000000d5900000,0x00000000d5a4d688,0x00000000d9a00000)
  from space 5120K, 27% used [0x00000000d9a00000,0x00000000d9b5c050,0x00000000d9f00000)
  to   space 2048K, 0% used [0x00000000ddd00000,0x00000000ddd00000,0x00000000ddf00000)
 ParOldGen       total 87552K, used 36K [0x0000000080a00000, 0x0000000085f80000, 0x00000000d5900000)
  object space 87552K, 0% used [0x0000000080a00000,0x0000000080a09398,0x0000000085f80000)
 Metaspace       used 5471K, capacity 6200K, committed 6400K, reserved 1056768K
  class space    used 616K, capacity 708K, committed 768K, reserved 1048576K
GC Heap History (10 events):
Event: 0.225 GC heap before
{Heap before GC invocations=1 (full 0):
 PSYoungGen      total 38400K, used 33280K [0x00000000d5900000, 0x00000000d8380000, 0x0000000100000000)
  eden space 33280K, 100% used [0x00000000d5900000,0x00000000d7980000,0x00000000d7980000)
  from space 5120K, 0% used [0x00000000d7e80000,0x00000000d7e80000,0x00000000d8380000)
  to   space 5120K, 0% used [0x00000000d7980000,0x00000000d7980000,0x00000000d7e80000)
 ParOldGen       total 87552K, used 0K [0x0000000080a00000, 0x0000000085f80000, 0x00000000d5900000)
  object space 87552K, 0% used [0x0000000080a00000,0x0000000080a00000,0x0000000085f80000)
 Metaspace       used 3945K, capacity 4810K, committed 4992K, reserved 1056768K
  class space    used 467K, capacity 545K, committed 640K, reserved 1048576K
Event: 0.226 GC heap after
Heap after GC invocations=1 (full 0):
 PSYoungGen      total 38400K, used 816K [0x00000000d5900000, 0x00000000d8380000, 0x0000000100000000)
  eden space 33280K, 0% used [0x00000000d5900000,0x00000000d5900000,0x00000000d7980000)
  from space 5120K, 15% used [0x00000000d7980000,0x00000000d7a4c010,0x00000000d7e80000)
  to   space 5120K, 0% used [0x00000000d7e80000,0x00000000d7e80000,0x00000000d8380000)
 ParOldGen       total 87552K, used 8K [0x0000000080a00000, 0x0000000085f80000, 0x00000000d5900000)
  object space 87552K, 0% used [0x0000000080a00000,0x0000000080a02000,0x0000000085f80000)
 Metaspace       used 3945K, capacity 4810K, committed 4992K, reserved 1056768K
  class space    used 467K, capacity 545K, committed 640K, reserved 1048576K
}
Event: 0.263 GC heap before
{Heap before GC invocations=2 (full 0):
 PSYoungGen      total 38400K, used 34096K [0x00000000d5900000, 0x00000000d8380000, 0x0000000100000000)
  eden space 33280K, 100% used [0x00000000d5900000,0x00000000d7980000,0x00000000d7980000)
  from space 5120K, 15% used [0x00000000d7980000,0x00000000d7a4c010,0x00000000d7e80000)
  to   space 5120K, 0% used [0x00000000d7e80000,0x00000000d7e80000,0x00000000d8380000)
 ParOldGen       total 87552K, used 8K [0x0000000080a00000, 0x0000000085f80000, 0x00000000d5900000)
  object space 87552K, 0% used [0x0000000080a00000,0x0000000080a02000,0x0000000085f80000)
 Metaspace       used 3958K, capacity 4810K, committed 4992K, reserved 1056768K
  class space    used 468K, capacity 545K, committed 640K, reserved 1048576K
Event: 0.264 GC heap after
Heap after GC invocations=2 (full 0):
 PSYoungGen      total 38400K, used 768K [0x00000000d5900000, 0x00000000da400000, 0x0000000100000000)
  eden space 33280K, 0% used [0x00000000d5900000,0x00000000d5900000,0x00000000d7980000)
  from space 5120K, 15% used [0x00000000d7e80000,0x00000000d7f40020,0x00000000d8380000)
  to   space 5120K, 0% used [0x00000000d7980000,0x00000000d7980000,0x00000000d7e80000)
 ParOldGen       total 87552K, used 8K [0x0000000080a00000, 0x0000000085f80000, 0x00000000d5900000)
  object space 87552K, 0% used [0x0000000080a00000,0x0000000080a02000,0x0000000085f80000)
 Metaspace       used 3958K, capacity 4810K, committed 4992K, reserved 1056768K
  class space    used 468K, capacity 545K, committed 640K, reserved 1048576K
}
Event: 0.304 GC heap before
{Heap before GC invocations=3 (full 0):
 PSYoungGen      total 38400K, used 34048K [0x00000000d5900000, 0x00000000da400000, 0x0000000100000000)
  eden space 33280K, 100% used [0x00000000d5900000,0x00000000d7980000,0x00000000d7980000)
  from space 5120K, 15% used [0x00000000d7e80000,0x00000000d7f40020,0x00000000d8380000)
  to   space 5120K, 0% used [0x00000000d7980000,0x00000000d7980000,0x00000000d7e80000)
 ParOldGen       total 87552K, used 8K [0x0000000080a00000, 0x0000000085f80000, 0x00000000d5900000)
  object space 87552K, 0% used [0x0000000080a00000,0x0000000080a02000,0x0000000085f80000)
 Metaspace       used 3974K, capacity 4810K, committed 4992K, reserved 1056768K
  class space    used 468K, capacity 545K, committed 640K, reserved 1048576K
Event: 0.305 GC heap after
Heap after GC invocations=3 (full 0):
 PSYoungGen      total 38400K, used 720K [0x00000000d5900000, 0x00000000da400000, 0x0000000100000000)
  eden space 33280K, 0% used [0x00000000d5900000,0x00000000d5900000,0x00000000d7980000)
  from space 5120K, 14% used [0x00000000d7980000,0x00000000d7a34010,0x00000000d7e80000)
  to   space 5120K, 0% used [0x00000000d9f00000,0x00000000d9f00000,0x00000000da400000)
 ParOldGen       total 87552K, used 16K [0x0000000080a00000, 0x0000000085f80000, 0x00000000d5900000)
  object space 87552K, 0% used [0x0000000080a00000,0x0000000080a04000,0x0000000085f80000)
 Metaspace       used 3974K, capacity 4810K, committed 4992K, reserved 1056768K
  class space    used 468K, capacity 545K, committed 640K, reserved 1048576K
}
Event: 0.454 GC heap before
{Heap before GC invocations=4 (full 0):
 PSYoungGen      total 38400K, used 34000K [0x00000000d5900000, 0x00000000da400000, 0x0000000100000000)
  eden space 33280K, 100% used [0x00000000d5900000,0x00000000d7980000,0x00000000d7980000)
  from space 5120K, 14% used [0x00000000d7980000,0x00000000d7a34010,0x00000000d7e80000)
  to   space 5120K, 0% used [0x00000000d9f00000,0x00000000d9f00000,0x00000000da400000)
 ParOldGen       total 87552K, used 16K [0x0000000080a00000, 0x0000000085f80000, 0x00000000d5900000)
  object space 87552K, 0% used [0x0000000080a00000,0x0000000080a04000,0x0000000085f80000)
 Metaspace       used 5465K, capacity 6200K, committed 6400K, reserved 1056768K
  class space    used 616K, capacity 708K, committed 768K, reserved 1048576K
Event: 0.456 GC heap after
Heap after GC invocations=4 (full 0):
 PSYoungGen      total 71680K, used 1997K [0x00000000d5900000, 0x00000000da400000, 0x0000000100000000)
  eden space 66560K, 0% used [0x00000000d5900000,0x00000000d5900000,0x00000000d9a00000)
  from space 5120K, 39% used [0x00000000d9f00000,0x00000000da0f34c8,0x00000000da400000)
  to   space 5120K, 0% used [0x00000000d9a00000,0x00000000d9a00000,0x00000000d9f00000)
 ParOldGen       total 87552K, used 28K [0x0000000080a00000, 0x0000000085f80000, 0x00000000d5900000)
  object space 87552K, 0% used [0x0000000080a00000,0x0000000080a07398,0x0000000085f80000)
 Metaspace       used 5465K, capacity 6200K, committed 6400K, reserved 1056768K
  class space    used 616K, capacity 708K, committed 768K, reserved 1048576K
}
Event: 0.475 GC heap before
{Heap before GC invocations=5 (full 0):
 PSYoungGen      total 71680K, used 68557K [0x00000000d5900000, 0x00000000da400000, 0x0000000100000000)
  eden space 66560K, 100% used [0x00000000d5900000,0x00000000d9a00000,0x00000000d9a00000)
  from space 5120K, 39% used [0x00000000d9f00000,0x00000000da0f34c8,0x00000000da400000)
  to   space 5120K, 0% used [0x00000000d9a00000,0x00000000d9a00000,0x00000000d9f00000)
 ParOldGen       total 87552K, used 28K [0x0000000080a00000, 0x0000000085f80000, 0x00000000d5900000)
  object space 87552K, 0% used [0x0000000080a00000,0x0000000080a07398,0x0000000085f80000)
 Metaspace       used 5471K, capacity 6200K, committed 6400K, reserved 1056768K
  class space    used 616K, capacity 708K, committed 768K, reserved 1048576K
Event: 0.477 GC heap after
Heap after GC invocations=5 (full 0):
 PSYoungGen      total 71680K, used 1392K [0x00000000d5900000, 0x00000000ddf00000, 0x0000000100000000)
  eden space 66560K, 0% used [0x00000000d5900000,0x00000000d5900000,0x00000000d9a00000)
  from space 5120K, 27% used [0x00000000d9a00000,0x00000000d9b5c050,0x00000000d9f00000)
  to   space 2048K, 0% used [0x00000000ddd00000,0x00000000ddd00000,0x00000000ddf00000)
 ParOldGen       total 87552K, used 36K [0x0000000080a00000, 0x0000000085f80000, 0x00000000d5900000)
  object space 87552K, 0% used [0x0000000080a00000,0x0000000080a09398,0x0000000085f80000)
 Metaspace       used 5471K, capacity 6200K, committed 6400K, reserved 1056768K
  class space    used 616K, capacity 708K, committed 768K, reserved 1048576K
}

